{
"contracts/Raffle.sol":{"l":{"62":3,"63":3,"64":3,"65":3,"66":3,"67":3,"68":3,"69":3,"76":9,"77":1,"79":8,"80":1,"82":7,"85":7,"100":8,"101":8,"102":8,"103":8,"104":8,"106":8,"114":4,"115":4,"116":1,"122":3,"123":3,"130":3,"135":0,"136":0,"137":0,"138":0,"139":0,"140":0,"141":0,"144":0,"145":0,"147":0,"151":11,"155":1,"159":0,"162":2,"165":0,"168":0,"171":0,"174":0,"177":12},"path":"/home/harsh/LearningAgainAHhhhhh/HARDHAT_CONTRACTS/lottery_contract/lottery_backend/contracts/Raffle.sol","s":{"1":9,"2":8,"3":7,"4":7,"5":8,"6":8,"7":8,"8":8,"9":8,"10":4,"11":4,"12":3,"13":3,"14":0,"15":0,"16":0,"17":0,"18":0,"19":11,"20":1,"21":0,"22":2,"23":0,"24":0,"25":0,"26":0,"27":12},"b":{"1":[1,8],"2":[1,7],"3":[1,3],"4":[0,0]},"f":{"1":3,"2":9,"3":8,"4":4,"5":0,"6":11,"7":1,"8":0,"9":2,"10":0,"11":0,"12":0,"13":0,"14":12},"fnMap":{"1":{"name":"constructor","line":61,"loc":{"start":{"line":54,"column":4},"end":{"line":70,"column":4}}},"2":{"name":"enterRaffle","line":73,"loc":{"start":{"line":73,"column":4},"end":{"line":86,"column":4}}},"3":{"name":"checkUpkeep","line":97,"loc":{"start":{"line":97,"column":4},"end":{"line":107,"column":4}}},"4":{"name":"performUpkeep","line":109,"loc":{"start":{"line":109,"column":4},"end":{"line":131,"column":4}}},"5":{"name":"fulfillRandomWords","line":134,"loc":{"start":{"line":134,"column":4},"end":{"line":148,"column":4}}},"6":{"name":"getEntranceFee","line":150,"loc":{"start":{"line":150,"column":4},"end":{"line":152,"column":4}}},"7":{"name":"getPlayer","line":154,"loc":{"start":{"line":154,"column":4},"end":{"line":156,"column":4}}},"8":{"name":"getWinner","line":158,"loc":{"start":{"line":158,"column":4},"end":{"line":160,"column":4}}},"9":{"name":"getRaffleState","line":161,"loc":{"start":{"line":161,"column":4},"end":{"line":163,"column":4}}},"10":{"name":"getNumWords","line":164,"loc":{"start":{"line":164,"column":4},"end":{"line":166,"column":4}}},"11":{"name":"getNumberOfPlayers","line":167,"loc":{"start":{"line":167,"column":4},"end":{"line":169,"column":4}}},"12":{"name":"getLastTimeStamp","line":170,"loc":{"start":{"line":170,"column":4},"end":{"line":172,"column":4}}},"13":{"name":"getRequestConfirmations","line":173,"loc":{"start":{"line":173,"column":4},"end":{"line":175,"column":4}}},"14":{"name":"getInterval","line":176,"loc":{"start":{"line":176,"column":4},"end":{"line":178,"column":4}}}},"statementMap":{"1":{"start":{"line":76,"column":8},"end":{"line":76,"column":2714}},"2":{"start":{"line":79,"column":8},"end":{"line":79,"column":2815}},"3":{"start":{"line":82,"column":8},"end":{"line":82,"column":42}},"4":{"start":{"line":85,"column":8},"end":{"line":85,"column":36}},"5":{"start":{"line":100,"column":8},"end":{"line":100,"column":57}},"6":{"start":{"line":101,"column":8},"end":{"line":101,"column":76}},"7":{"start":{"line":102,"column":8},"end":{"line":102,"column":48}},"8":{"start":{"line":103,"column":8},"end":{"line":103,"column":51}},"9":{"start":{"line":106,"column":8},"end":{"line":106,"column":36}},"10":{"start":{"line":114,"column":8},"end":{"line":114,"column":47}},"11":{"start":{"line":115,"column":8},"end":{"line":115,"column":4379}},"12":{"start":{"line":123,"column":8},"end":{"line":123,"column":4639}},"13":{"start":{"line":130,"column":8},"end":{"line":130,"column":45}},"14":{"start":{"line":135,"column":8},"end":{"line":135,"column":65}},"15":{"start":{"line":136,"column":8},"end":{"line":136,"column":63}},"16":{"start":{"line":141,"column":8},"end":{"line":141,"column":78}},"17":{"start":{"line":144,"column":8},"end":{"line":144,"column":5413}},"18":{"start":{"line":147,"column":8},"end":{"line":147,"column":41}},"19":{"start":{"line":151,"column":8},"end":{"line":151,"column":28}},"20":{"start":{"line":155,"column":8},"end":{"line":155,"column":31}},"21":{"start":{"line":159,"column":8},"end":{"line":159,"column":29}},"22":{"start":{"line":162,"column":8},"end":{"line":162,"column":28}},"23":{"start":{"line":165,"column":8},"end":{"line":165,"column":24}},"24":{"start":{"line":168,"column":8},"end":{"line":168,"column":31}},"25":{"start":{"line":171,"column":8},"end":{"line":171,"column":31}},"26":{"start":{"line":174,"column":8},"end":{"line":174,"column":36}},"27":{"start":{"line":177,"column":8},"end":{"line":177,"column":25}}},"branchMap":{"1":{"line":76,"type":"if","locations":[{"start":{"line":76,"column":8},"end":{"line":76,"column":8}},{"start":{"line":76,"column":8},"end":{"line":76,"column":8}}]},"2":{"line":79,"type":"if","locations":[{"start":{"line":79,"column":8},"end":{"line":79,"column":8}},{"start":{"line":79,"column":8},"end":{"line":79,"column":8}}]},"3":{"line":115,"type":"if","locations":[{"start":{"line":115,"column":8},"end":{"line":115,"column":8}},{"start":{"line":115,"column":8},"end":{"line":115,"column":8}}]},"4":{"line":144,"type":"if","locations":[{"start":{"line":144,"column":8},"end":{"line":144,"column":8}},{"start":{"line":144,"column":8},"end":{"line":144,"column":8}}]}}},
"contracts/test/VRFCoordinatorV2Mock.sol":{"l":{},"path":"/home/harsh/LearningAgainAHhhhhh/HARDHAT_CONTRACTS/lottery_contract/lottery_backend/contracts/test/VRFCoordinatorV2Mock.sol","s":{},"b":{},"f":{},"fnMap":{},"statementMap":{},"branchMap":{}}}
