TN:
SF:/home/harsh/LearningAgainAHhhhhh/HARDHAT_CONTRACTS/lottery_contract/lottery_backend/contracts/Raffle.sol
FN:61,constructor
FN:73,enterRaffle
FN:97,checkUpkeep
FN:109,performUpkeep
FN:134,fulfillRandomWords
FN:150,getEntranceFee
FN:154,getPlayer
FN:158,getWinner
FN:161,getRaffleState
FN:164,getNumWords
FN:167,getNumberOfPlayers
FN:170,getLastTimeStamp
FN:173,getRequestConfirmations
FN:176,getInterval
FNF:14
FNH:8
FNDA:3,constructor
FNDA:9,enterRaffle
FNDA:8,checkUpkeep
FNDA:4,performUpkeep
FNDA:0,fulfillRandomWords
FNDA:11,getEntranceFee
FNDA:1,getPlayer
FNDA:0,getWinner
FNDA:2,getRaffleState
FNDA:0,getNumWords
FNDA:0,getNumberOfPlayers
FNDA:0,getLastTimeStamp
FNDA:0,getRequestConfirmations
FNDA:12,getInterval
DA:62,3
DA:63,3
DA:64,3
DA:65,3
DA:66,3
DA:67,3
DA:68,3
DA:69,3
DA:76,9
DA:77,1
DA:79,8
DA:80,1
DA:82,7
DA:85,7
DA:100,8
DA:101,8
DA:102,8
DA:103,8
DA:104,8
DA:106,8
DA:114,4
DA:115,4
DA:116,1
DA:122,3
DA:123,3
DA:130,3
DA:135,0
DA:136,0
DA:137,0
DA:138,0
DA:139,0
DA:140,0
DA:141,0
DA:144,0
DA:145,0
DA:147,0
DA:151,11
DA:155,1
DA:159,0
DA:162,2
DA:165,0
DA:168,0
DA:171,0
DA:174,0
DA:177,12
LF:45
LH:30
BRDA:76,1,0,1
BRDA:76,1,1,8
BRDA:79,2,0,1
BRDA:79,2,1,7
BRDA:115,3,0,1
BRDA:115,3,1,3
BRDA:144,4,0,0
BRDA:144,4,1,0
BRF:8
BRH:6
end_of_record
TN:
SF:/home/harsh/LearningAgainAHhhhhh/HARDHAT_CONTRACTS/lottery_contract/lottery_backend/contracts/test/VRFCoordinatorV2Mock.sol
FNF:0
FNH:0
LF:0
LH:0
BRF:0
BRH:0
end_of_record
